The system is: Windows - 10.0.19042 - AMD64
Compiling the C compiler identification source file "CMakeCCompilerId.c" succeeded.
Compiler: F:/Program Files (x86)/Microsoft Visual Studio/2019/Community/VC/Tools/MSVC/14.29.30133/bin/Hostx86/x86/cl.exe 
Build flags: 
Id flags:  

The output was:
0
Microsoft (R) Kompilator optymalizujący C/C++, wersja 19.29.30136 dla architektury x86
Copyright (C) Microsoft Corporation. Wszystkie prawa zastrzeżone.

CMakeCCompilerId.c
Microsoft (R) Incremental Linker Version 14.29.30136.0
Copyright (C) Microsoft Corporation.  All rights reserved.

/out:CMakeCCompilerId.exe 
CMakeCCompilerId.obj 


Compilation of the C compiler identification source "CMakeCCompilerId.c" produced "CMakeCCompilerId.exe"

Compilation of the C compiler identification source "CMakeCCompilerId.c" produced "CMakeCCompilerId.obj"

The C compiler identification is MSVC, found in "C:/Users/Stacjonar/Desktop/Zadanie_rekrutacyjne/build/CMakeFiles/3.20.21032501-MSVC_2/CompilerIdC/CMakeCCompilerId.exe"

Compiling the CXX compiler identification source file "CMakeCXXCompilerId.cpp" succeeded.
Compiler: F:/Program Files (x86)/Microsoft Visual Studio/2019/Community/VC/Tools/MSVC/14.29.30133/bin/Hostx86/x86/cl.exe 
Build flags: 
Id flags:  

The output was:
0
Microsoft (R) Kompilator optymalizujący C/C++, wersja 19.29.30136 dla architektury x86
Copyright (C) Microsoft Corporation. Wszystkie prawa zastrzeżone.

CMakeCXXCompilerId.cpp
Microsoft (R) Incremental Linker Version 14.29.30136.0
Copyright (C) Microsoft Corporation.  All rights reserved.

/out:CMakeCXXCompilerId.exe 
CMakeCXXCompilerId.obj 


Compilation of the CXX compiler identification source "CMakeCXXCompilerId.cpp" produced "CMakeCXXCompilerId.exe"

Compilation of the CXX compiler identification source "CMakeCXXCompilerId.cpp" produced "CMakeCXXCompilerId.obj"

The CXX compiler identification is MSVC, found in "C:/Users/Stacjonar/Desktop/Zadanie_rekrutacyjne/build/CMakeFiles/3.20.21032501-MSVC_2/CompilerIdCXX/CMakeCXXCompilerId.exe"

Detecting C compiler ABI info compiled with the following output:
Change Dir: C:/Users/Stacjonar/Desktop/Zadanie_rekrutacyjne/build/CMakeFiles/CMakeTmp

Run Build Command(s):F:/Program Files (x86)/Microsoft Visual Studio/2019/Community/Common7/IDE/CommonExtensions/Microsoft/CMake/Ninja/ninja.exe cmTC_776a0 && [1/2] Building C object CMakeFiles\cmTC_776a0.dir\CMakeCCompilerABI.c.obj
[2/2] Linking C executable cmTC_776a0.exe



Detecting CXX compiler ABI info compiled with the following output:
Change Dir: C:/Users/Stacjonar/Desktop/Zadanie_rekrutacyjne/build/CMakeFiles/CMakeTmp

Run Build Command(s):F:/Program Files (x86)/Microsoft Visual Studio/2019/Community/Common7/IDE/CommonExtensions/Microsoft/CMake/Ninja/ninja.exe cmTC_51ded && [1/2] Building CXX object CMakeFiles\cmTC_51ded.dir\CMakeCXXCompilerABI.cpp.obj
[2/2] Linking CXX executable cmTC_51ded.exe



The system is: Windows - 10.0.19042 - AMD64
The system is: Windows - 10.0.19042 - AMD64
Compiling the C compiler identification source file "CMakeCCompilerId.c" succeeded.
Compiler: F:/Program Files (x86)/Microsoft Visual Studio/2019/Community/VC/Tools/MSVC/14.29.30133/bin/Hostx86/x86/cl.exe 
Build flags: 
Id flags:  

The output was:
0
Microsoft (R) Kompilator optymalizujący C/C++, wersja 19.29.30136 dla architektury x86
Copyright (C) Microsoft Corporation. Wszystkie prawa zastrzeżone.

CMakeCCompilerId.c
Microsoft (R) Incremental Linker Version 14.29.30136.0
Copyright (C) Microsoft Corporation.  All rights reserved.

/out:CMakeCCompilerId.exe 
CMakeCCompilerId.obj 


Compilation of the C compiler identification source "CMakeCCompilerId.c" produced "CMakeCCompilerId.exe"

Compilation of the C compiler identification source "CMakeCCompilerId.c" produced "CMakeCCompilerId.obj"

The C compiler identification is MSVC, found in "C:/Users/Stacjonar/Desktop/Zadanie_rekrutacyjne/build/CMakeFiles/3.20.21032501-MSVC_2/CompilerIdC/CMakeCCompilerId.exe"

Compiling the CXX compiler identification source file "CMakeCXXCompilerId.cpp" succeeded.
Compiler: F:/Program Files (x86)/Microsoft Visual Studio/2019/Community/VC/Tools/MSVC/14.29.30133/bin/Hostx86/x86/cl.exe 
Build flags: 
Id flags:  

The output was:
0
Microsoft (R) Kompilator optymalizujący C/C++, wersja 19.29.30136 dla architektury x86
Copyright (C) Microsoft Corporation. Wszystkie prawa zastrzeżone.

CMakeCXXCompilerId.cpp
Microsoft (R) Incremental Linker Version 14.29.30136.0
Copyright (C) Microsoft Corporation.  All rights reserved.

/out:CMakeCXXCompilerId.exe 
CMakeCXXCompilerId.obj 


Compilation of the CXX compiler identification source "CMakeCXXCompilerId.cpp" produced "CMakeCXXCompilerId.exe"

Compilation of the CXX compiler identification source "CMakeCXXCompilerId.cpp" produced "CMakeCXXCompilerId.obj"

The CXX compiler identification is MSVC, found in "C:/Users/Stacjonar/Desktop/Zadanie_rekrutacyjne/build/CMakeFiles/3.20.21032501-MSVC_2/CompilerIdCXX/CMakeCXXCompilerId.exe"

Detecting C compiler ABI info compiled with the following output:
Change Dir: C:/Users/Stacjonar/Desktop/Zadanie_rekrutacyjne/build/CMakeFiles/CMakeTmp

Run Build Command(s):F:/Program Files (x86)/Microsoft Visual Studio/2019/Community/Common7/IDE/CommonExtensions/Microsoft/CMake/Ninja/ninja.exe cmTC_beb0d && [1/2] Building C object CMakeFiles\cmTC_beb0d.dir\CMakeCCompilerABI.c.obj
[2/2] Linking C executable cmTC_beb0d.exe



Detecting CXX compiler ABI info compiled with the following output:
Change Dir: C:/Users/Stacjonar/Desktop/Zadanie_rekrutacyjne/build/CMakeFiles/CMakeTmp

Run Build Command(s):F:/Program Files (x86)/Microsoft Visual Studio/2019/Community/Common7/IDE/CommonExtensions/Microsoft/CMake/Ninja/ninja.exe cmTC_60ec1 && [1/2] Building CXX object CMakeFiles\cmTC_60ec1.dir\CMakeCXXCompilerABI.cpp.obj
[2/2] Linking CXX executable cmTC_60ec1.exe



